<?xml version="1.0" encoding="UTF-8"?>
<!-- Generated by org.testng.reporters.JUnitReportReporter -->
<testsuite skipped="0" hostname="DESKTOP-K2P9PHP" name="tests.ParameterByDataprovider" tests="8" failures="0" timestamp="2019-11-14T12:26:06 PKT" time="374.569" errors="1">
  <testcase name="LoginPositive" time="48.888" classname="tests.ParameterByDataprovider"/>
  <testcase name="LoginPositive" time="45.052" classname="tests.ParameterByDataprovider">
    <error type="org.openqa.selenium.NoSuchElementException" message="An element could not be located on the page using the given search parameters.
For documentation on this error, please visit: https://www.seleniumhq.org/exceptions/no_such_element.html
Build info: version: &#039;3.141.59&#039;, revision: &#039;e82be7d358&#039;, time: &#039;2018-11-14T08:17:03&#039;
System info: host: &#039;DESKTOP-K2P9PHP&#039;, ip: &#039;192.168.1.116&#039;, os.name: &#039;Windows 10&#039;, os.arch: &#039;amd64&#039;, os.version: &#039;10.0&#039;, java.version: &#039;1.8.0_231&#039;
Driver info: io.appium.java_client.AppiumDriver
Capabilities {appActivity: .activities.SplashActivity, appPackage: com.weoto, databaseEnabled: false, desired: {appActivity: .activities.SplashActivity, appPackage: com.weoto, deviceName: Samsung Galaxy S7 edge, platformName: android, platformVersion: 8.0.0, udid: 398fdf8}, deviceApiLevel: 25, deviceManufacturer: ALCATEL, deviceModel: A574BL, deviceName: 398fdf8, deviceScreenDensity: 240, deviceScreenSize: 480x854, deviceUDID: 398fdf8, javascriptEnabled: true, locationContextEnabled: false, networkConnectionEnabled: true, pixelRatio: 1.5, platform: LINUX, platformName: LINUX, platformVersion: 7.1.1, statBarHeight: 36, takesScreenshot: true, udid: 398fdf8, viewportRect: {height: 818, left: 0, top: 36, width: 480}, warnings: {}, webStorageEnabled: false}
Session ID: 7374dcf9-fc3e-4710-b99d-cf10574943cd
*** Element info: {Using=id, value=com.weoto:id/leftSideButton}">
      <![CDATA[org.openqa.selenium.NoSuchElementException: An element could not be located on the page using the given search parameters.
For documentation on this error, please visit: https://www.seleniumhq.org/exceptions/no_such_element.html
Build info: version: '3.141.59', revision: 'e82be7d358', time: '2018-11-14T08:17:03'
System info: host: 'DESKTOP-K2P9PHP', ip: '192.168.1.116', os.name: 'Windows 10', os.arch: 'amd64', os.version: '10.0', java.version: '1.8.0_231'
Driver info: io.appium.java_client.AppiumDriver
Capabilities {appActivity: .activities.SplashActivity, appPackage: com.weoto, databaseEnabled: false, desired: {appActivity: .activities.SplashActivity, appPackage: com.weoto, deviceName: Samsung Galaxy S7 edge, platformName: android, platformVersion: 8.0.0, udid: 398fdf8}, deviceApiLevel: 25, deviceManufacturer: ALCATEL, deviceModel: A574BL, deviceName: 398fdf8, deviceScreenDensity: 240, deviceScreenSize: 480x854, deviceUDID: 398fdf8, javascriptEnabled: true, locationContextEnabled: false, networkConnectionEnabled: true, pixelRatio: 1.5, platform: LINUX, platformName: LINUX, platformVersion: 7.1.1, statBarHeight: 36, takesScreenshot: true, udid: 398fdf8, viewportRect: {height: 818, left: 0, top: 36, width: 480}, warnings: {}, webStorageEnabled: false}
Session ID: 7374dcf9-fc3e-4710-b99d-cf10574943cd
*** Element info: {Using=id, value=com.weoto:id/leftSideButton}
at sun.reflect.NativeConstructorAccessorImpl.newInstance0(Native Method)
at sun.reflect.NativeConstructorAccessorImpl.newInstance(Unknown Source)
at sun.reflect.DelegatingConstructorAccessorImpl.newInstance(Unknown Source)
at java.lang.reflect.Constructor.newInstance(Unknown Source)
at org.openqa.selenium.remote.http.W3CHttpResponseCodec.createException(W3CHttpResponseCodec.java:187)
at org.openqa.selenium.remote.http.W3CHttpResponseCodec.decode(W3CHttpResponseCodec.java:122)
at org.openqa.selenium.remote.http.W3CHttpResponseCodec.decode(W3CHttpResponseCodec.java:49)
at org.openqa.selenium.remote.HttpCommandExecutor.execute(HttpCommandExecutor.java:158)
at io.appium.java_client.remote.AppiumCommandExecutor.execute(AppiumCommandExecutor.java:239)
at org.openqa.selenium.remote.RemoteWebDriver.execute(RemoteWebDriver.java:552)
at io.appium.java_client.DefaultGenericMobileDriver.execute(DefaultGenericMobileDriver.java:42)
at io.appium.java_client.AppiumDriver.execute(AppiumDriver.java:1)
at org.openqa.selenium.remote.RemoteWebDriver.findElement(RemoteWebDriver.java:323)
at io.appium.java_client.DefaultGenericMobileDriver.findElement(DefaultGenericMobileDriver.java:62)
at io.appium.java_client.AppiumDriver.findElement(AppiumDriver.java:1)
at org.openqa.selenium.remote.RemoteWebDriver.findElementById(RemoteWebDriver.java:372)
at io.appium.java_client.DefaultGenericMobileDriver.findElementById(DefaultGenericMobileDriver.java:70)
at io.appium.java_client.AppiumDriver.findElementById(AppiumDriver.java:1)
at org.openqa.selenium.By$ById.findElement(By.java:188)
at org.openqa.selenium.remote.RemoteWebDriver.findElement(RemoteWebDriver.java:315)
at io.appium.java_client.DefaultGenericMobileDriver.findElement(DefaultGenericMobileDriver.java:58)
at io.appium.java_client.AppiumDriver.findElement(AppiumDriver.java:1)
at tests.ParameterByDataprovider.LoginPositive(ParameterByDataprovider.java:93)
at sun.reflect.NativeMethodAccessorImpl.invoke0(Native Method)
at sun.reflect.NativeMethodAccessorImpl.invoke(Unknown Source)
at sun.reflect.DelegatingMethodAccessorImpl.invoke(Unknown Source)
at java.lang.reflect.Method.invoke(Unknown Source)
at org.testng.internal.MethodInvocationHelper.invokeMethod(MethodInvocationHelper.java:133)
at org.testng.internal.TestInvoker.invokeMethod(TestInvoker.java:584)
at org.testng.internal.TestInvoker.invokeTestMethod(TestInvoker.java:172)
at org.testng.internal.MethodRunner.runInSequence(MethodRunner.java:46)
at org.testng.internal.TestInvoker$MethodInvocationAgent.invoke(TestInvoker.java:804)
at org.testng.internal.TestInvoker.invokeTestMethods(TestInvoker.java:145)
at org.testng.internal.TestMethodWorker.invokeTestMethods(TestMethodWorker.java:146)
at org.testng.internal.TestMethodWorker.run(TestMethodWorker.java:128)
at java.util.ArrayList.forEach(Unknown Source)
at org.testng.TestRunner.privateRun(TestRunner.java:770)
at org.testng.TestRunner.run(TestRunner.java:591)
at org.testng.SuiteRunner.runTest(SuiteRunner.java:402)
at org.testng.SuiteRunner.runSequentially(SuiteRunner.java:396)
at org.testng.SuiteRunner.privateRun(SuiteRunner.java:355)
at org.testng.SuiteRunner.run(SuiteRunner.java:304)
at org.testng.SuiteRunnerWorker.runSuite(SuiteRunnerWorker.java:53)
at org.testng.SuiteRunnerWorker.run(SuiteRunnerWorker.java:96)
at org.testng.TestNG.runSuitesSequentially(TestNG.java:1180)
at org.testng.TestNG.runSuitesLocally(TestNG.java:1102)
at org.testng.TestNG.runSuites(TestNG.java:1032)
at org.testng.TestNG.run(TestNG.java:1000)
at org.testng.remote.AbstractRemoteTestNG.run(AbstractRemoteTestNG.java:115)
at org.testng.remote.RemoteTestNG.initAndRun(RemoteTestNG.java:251)
at org.testng.remote.RemoteTestNG.main(RemoteTestNG.java:77)
]]>
    </error>
  </testcase> <!-- LoginPositive -->
  <testcase name="LoginPositive" time="46.618" classname="tests.ParameterByDataprovider"/>
  <testcase name="LoginPositive" time="46.808" classname="tests.ParameterByDataprovider"/>
  <testcase name="LoginPositive" time="47.075" classname="tests.ParameterByDataprovider"/>
  <testcase name="LoginPositive" time="46.567" classname="tests.ParameterByDataprovider"/>
  <testcase name="LoginPositive" time="46.722" classname="tests.ParameterByDataprovider"/>
  <testcase name="LoginPositive" time="46.839" classname="tests.ParameterByDataprovider"/>
</testsuite> <!-- tests.ParameterByDataprovider -->
