<?xml version="1.0" encoding="UTF-8"?>
<!-- Generated by org.testng.reporters.JUnitXMLReporter -->
<testsuite hostname="DESKTOP-K2P9PHP" ignored="3" name="Default test(failed)(failed)" tests="2" failures="2" timestamp="2019-11-15T12:02:05 PKT" time="74.329" errors="0">
  <testcase name="Invalid_Email_Values_Check" time="18.916" classname="tests.SignUp">
    <failure type="org.openqa.selenium.NoSuchElementException" message="An element could not be located on the page using the given search parameters.
For documentation on this error, please visit: https://www.seleniumhq.org/exceptions/no_such_element.html
Build info: version: &amp;apos;3.141.59&amp;apos;, revision: &amp;apos;e82be7d358&amp;apos;, time: &amp;apos;2018-11-14T08:17:03&amp;apos;
System info: host: &amp;apos;DESKTOP-K2P9PHP&amp;apos;, ip: &amp;apos;192.168.1.116&amp;apos;, os.name: &amp;apos;Windows 10&amp;apos;, os.arch: &amp;apos;amd64&amp;apos;, os.version: &amp;apos;10.0&amp;apos;, java.version: &amp;apos;1.8.0_231&amp;apos;
Driver info: io.appium.java_client.AppiumDriver
Capabilities {appActivity: .activities.SplashActivity, appPackage: com.weoto, databaseEnabled: false, desired: {appActivity: .activities.SplashActivity, appPackage: com.weoto, deviceName: Samsung Galaxy S7 edge, platformName: android, platformVersion: 8.0.0, udid: 26EBB18818202924}, deviceApiLevel: 26, deviceManufacturer: HUAWEI, deviceModel: LDN-L21, deviceName: 26EBB18818202924, deviceScreenDensity: 320, deviceScreenSize: 720x1440, deviceUDID: 26EBB18818202924, javascriptEnabled: true, locationContextEnabled: false, networkConnectionEnabled: true, pixelRatio: 2, platform: LINUX, platformName: LINUX, platformVersion: 8.0.0, statBarHeight: 48, takesScreenshot: true, udid: 26EBB18818202924, viewportRect: {height: 1312, left: 0, top: 48, width: 720}, warnings: {}, webStorageEnabled: false}
Session ID: ffa0104a-8355-4dd7-b012-8b8b6c1309ac
*** Element info: {Using=class name, value=android.widget.Button}">
      <![CDATA[org.openqa.selenium.NoSuchElementException: An element could not be located on the page using the given search parameters.
For documentation on this error, please visit: https://www.seleniumhq.org/exceptions/no_such_element.html
Build info: version: '3.141.59', revision: 'e82be7d358', time: '2018-11-14T08:17:03'
System info: host: 'DESKTOP-K2P9PHP', ip: '192.168.1.116', os.name: 'Windows 10', os.arch: 'amd64', os.version: '10.0', java.version: '1.8.0_231'
Driver info: io.appium.java_client.AppiumDriver
Capabilities {appActivity: .activities.SplashActivity, appPackage: com.weoto, databaseEnabled: false, desired: {appActivity: .activities.SplashActivity, appPackage: com.weoto, deviceName: Samsung Galaxy S7 edge, platformName: android, platformVersion: 8.0.0, udid: 26EBB18818202924}, deviceApiLevel: 26, deviceManufacturer: HUAWEI, deviceModel: LDN-L21, deviceName: 26EBB18818202924, deviceScreenDensity: 320, deviceScreenSize: 720x1440, deviceUDID: 26EBB18818202924, javascriptEnabled: true, locationContextEnabled: false, networkConnectionEnabled: true, pixelRatio: 2, platform: LINUX, platformName: LINUX, platformVersion: 8.0.0, statBarHeight: 48, takesScreenshot: true, udid: 26EBB18818202924, viewportRect: {height: 1312, left: 0, top: 48, width: 720}, warnings: {}, webStorageEnabled: false}
Session ID: ffa0104a-8355-4dd7-b012-8b8b6c1309ac
*** Element info: {Using=class name, value=android.widget.Button}
at org.openqa.selenium.remote.http.W3CHttpResponseCodec.createException(W3CHttpResponseCodec.java:187)
at org.openqa.selenium.remote.http.W3CHttpResponseCodec.decode(W3CHttpResponseCodec.java:122)
at org.openqa.selenium.remote.http.W3CHttpResponseCodec.decode(W3CHttpResponseCodec.java:49)
at org.openqa.selenium.remote.HttpCommandExecutor.execute(HttpCommandExecutor.java:158)
at io.appium.java_client.remote.AppiumCommandExecutor.execute(AppiumCommandExecutor.java:239)
at org.openqa.selenium.remote.RemoteWebDriver.execute(RemoteWebDriver.java:552)
at io.appium.java_client.DefaultGenericMobileDriver.execute(DefaultGenericMobileDriver.java:42)
at io.appium.java_client.AppiumDriver.execute(AppiumDriver.java:1)
at org.openqa.selenium.remote.RemoteWebDriver.findElement(RemoteWebDriver.java:323)
at io.appium.java_client.DefaultGenericMobileDriver.findElement(DefaultGenericMobileDriver.java:62)
at io.appium.java_client.AppiumDriver.findElement(AppiumDriver.java:1)
at org.openqa.selenium.remote.RemoteWebDriver.findElementByClassName(RemoteWebDriver.java:412)
at io.appium.java_client.DefaultGenericMobileDriver.findElementByClassName(DefaultGenericMobileDriver.java:126)
at io.appium.java_client.AppiumDriver.findElementByClassName(AppiumDriver.java:1)
at org.openqa.selenium.By$ByClassName.findElement(By.java:389)
at org.openqa.selenium.remote.RemoteWebDriver.findElement(RemoteWebDriver.java:315)
at io.appium.java_client.DefaultGenericMobileDriver.findElement(DefaultGenericMobileDriver.java:58)
at io.appium.java_client.AppiumDriver.findElement(AppiumDriver.java:1)
at tests.SignUp.Invalid_Email_Values_Check(SignUp.java:205)
at java.util.ArrayList.forEach(Unknown Source)
... Removed 31 stack frames]]>
    </failure>
  </testcase> <!-- Invalid_Email_Values_Check -->
  <testcase name="Invalid_Email_Values_Check" time="20.283" classname="tests.SignUp">
    <failure type="org.openqa.selenium.NoSuchElementException" message="An element could not be located on the page using the given search parameters.
For documentation on this error, please visit: https://www.seleniumhq.org/exceptions/no_such_element.html
Build info: version: &amp;apos;3.141.59&amp;apos;, revision: &amp;apos;e82be7d358&amp;apos;, time: &amp;apos;2018-11-14T08:17:03&amp;apos;
System info: host: &amp;apos;DESKTOP-K2P9PHP&amp;apos;, ip: &amp;apos;192.168.1.116&amp;apos;, os.name: &amp;apos;Windows 10&amp;apos;, os.arch: &amp;apos;amd64&amp;apos;, os.version: &amp;apos;10.0&amp;apos;, java.version: &amp;apos;1.8.0_231&amp;apos;
Driver info: io.appium.java_client.AppiumDriver
Capabilities {appActivity: .activities.SplashActivity, appPackage: com.weoto, databaseEnabled: false, desired: {appActivity: .activities.SplashActivity, appPackage: com.weoto, deviceName: Samsung Galaxy S7 edge, platformName: android, platformVersion: 8.0.0, udid: 26EBB18818202924}, deviceApiLevel: 26, deviceManufacturer: HUAWEI, deviceModel: LDN-L21, deviceName: 26EBB18818202924, deviceScreenDensity: 320, deviceScreenSize: 720x1440, deviceUDID: 26EBB18818202924, javascriptEnabled: true, locationContextEnabled: false, networkConnectionEnabled: true, pixelRatio: 2, platform: LINUX, platformName: LINUX, platformVersion: 8.0.0, statBarHeight: 48, takesScreenshot: true, udid: 26EBB18818202924, viewportRect: {height: 1312, left: 0, top: 48, width: 720}, warnings: {}, webStorageEnabled: false}
Session ID: 5bf6c69d-f32e-42d9-bde5-a60e3ebb1583
*** Element info: {Using=id, value=com.weoto:id/leftSideButton}">
      <![CDATA[org.openqa.selenium.NoSuchElementException: An element could not be located on the page using the given search parameters.
For documentation on this error, please visit: https://www.seleniumhq.org/exceptions/no_such_element.html
Build info: version: '3.141.59', revision: 'e82be7d358', time: '2018-11-14T08:17:03'
System info: host: 'DESKTOP-K2P9PHP', ip: '192.168.1.116', os.name: 'Windows 10', os.arch: 'amd64', os.version: '10.0', java.version: '1.8.0_231'
Driver info: io.appium.java_client.AppiumDriver
Capabilities {appActivity: .activities.SplashActivity, appPackage: com.weoto, databaseEnabled: false, desired: {appActivity: .activities.SplashActivity, appPackage: com.weoto, deviceName: Samsung Galaxy S7 edge, platformName: android, platformVersion: 8.0.0, udid: 26EBB18818202924}, deviceApiLevel: 26, deviceManufacturer: HUAWEI, deviceModel: LDN-L21, deviceName: 26EBB18818202924, deviceScreenDensity: 320, deviceScreenSize: 720x1440, deviceUDID: 26EBB18818202924, javascriptEnabled: true, locationContextEnabled: false, networkConnectionEnabled: true, pixelRatio: 2, platform: LINUX, platformName: LINUX, platformVersion: 8.0.0, statBarHeight: 48, takesScreenshot: true, udid: 26EBB18818202924, viewportRect: {height: 1312, left: 0, top: 48, width: 720}, warnings: {}, webStorageEnabled: false}
Session ID: 5bf6c69d-f32e-42d9-bde5-a60e3ebb1583
*** Element info: {Using=id, value=com.weoto:id/leftSideButton}
at org.openqa.selenium.remote.http.W3CHttpResponseCodec.createException(W3CHttpResponseCodec.java:187)
at org.openqa.selenium.remote.http.W3CHttpResponseCodec.decode(W3CHttpResponseCodec.java:122)
at org.openqa.selenium.remote.http.W3CHttpResponseCodec.decode(W3CHttpResponseCodec.java:49)
at org.openqa.selenium.remote.HttpCommandExecutor.execute(HttpCommandExecutor.java:158)
at io.appium.java_client.remote.AppiumCommandExecutor.execute(AppiumCommandExecutor.java:239)
at org.openqa.selenium.remote.RemoteWebDriver.execute(RemoteWebDriver.java:552)
at io.appium.java_client.DefaultGenericMobileDriver.execute(DefaultGenericMobileDriver.java:42)
at io.appium.java_client.AppiumDriver.execute(AppiumDriver.java:1)
at org.openqa.selenium.remote.RemoteWebDriver.findElement(RemoteWebDriver.java:323)
at io.appium.java_client.DefaultGenericMobileDriver.findElement(DefaultGenericMobileDriver.java:62)
at io.appium.java_client.AppiumDriver.findElement(AppiumDriver.java:1)
at org.openqa.selenium.remote.RemoteWebDriver.findElementById(RemoteWebDriver.java:372)
at io.appium.java_client.DefaultGenericMobileDriver.findElementById(DefaultGenericMobileDriver.java:70)
at io.appium.java_client.AppiumDriver.findElementById(AppiumDriver.java:1)
at org.openqa.selenium.By$ById.findElement(By.java:188)
at org.openqa.selenium.remote.RemoteWebDriver.findElement(RemoteWebDriver.java:315)
at io.appium.java_client.DefaultGenericMobileDriver.findElement(DefaultGenericMobileDriver.java:58)
at io.appium.java_client.AppiumDriver.findElement(AppiumDriver.java:1)
at tests.SignUp.Invalid_Email_Values_Check(SignUp.java:207)
at java.util.ArrayList.forEach(Unknown Source)
... Removed 31 stack frames]]>
    </failure>
  </testcase> <!-- Invalid_Email_Values_Check -->
  <testcase name="FullName_Negative_Values_Check" time="0.0" classname="tests.SignUp">
    <ignored/>
  </testcase> <!-- FullName_Negative_Values_Check -->
  <testcase name="PasswordEyeEnabelDisable" time="0.0" classname="tests.SignUp">
    <ignored/>
  </testcase> <!-- PasswordEyeEnabelDisable -->
  <testcase name="Password_Negative_Values_Check" time="0.0" classname="tests.SignUp">
    <ignored/>
  </testcase> <!-- Password_Negative_Values_Check -->
</testsuite> <!-- Default test(failed)(failed) -->
